\BOOKMARK [0][-]{chapter*.2}{Introduction}{}% 1
\BOOKMARK [0][-]{chapter.1}{Preliminaries}{}% 2
\BOOKMARK [1][-]{section.1.1}{Basic set theory}{chapter.1}% 3
\BOOKMARK [1][-]{section.1.2}{Basic model theory}{chapter.1}% 4
\BOOKMARK [1][-]{section.1.3}{Absoluteness and the L\351vy Hierachy}{chapter.1}% 5
\BOOKMARK [1][-]{section.1.4}{Trees}{chapter.1}% 6
\BOOKMARK [1][-]{section.1.5}{Clubs}{chapter.1}% 7
\BOOKMARK [1][-]{section.1.6}{Filters}{chapter.1}% 8
\BOOKMARK [1][-]{section.1.7}{Ultraproducts}{chapter.1}% 9
\BOOKMARK [0][-]{chapter.2}{An alternative universe}{}% 10
\BOOKMARK [1][-]{section.2.1}{Construction of L}{chapter.2}% 11
\BOOKMARK [1][-]{section.2.2}{L as an inner model of `39`42`"613A``45`47`"603AZF}{chapter.2}% 12
\BOOKMARK [1][-]{section.2.3}{Axiom of Constructibility}{chapter.2}% 13
\BOOKMARK [1][-]{section.2.4}{A global well-ordering}{chapter.2}% 14
\BOOKMARK [1][-]{section.2.5}{Condensation}{chapter.2}% 15
\BOOKMARK [1][-]{section.2.6}{Generalized Continuum Hypothesis}{chapter.2}% 16
\BOOKMARK [0][-]{chapter.3}{Combinatorics in L}{}% 17
\BOOKMARK [1][-]{section.3.1}{Suslin hypothesis}{chapter.3}% 18
\BOOKMARK [1][-]{section.3.2}{Diamond principle}{chapter.3}% 19
\BOOKMARK [1][-]{section.3.3}{Suslin tree in L}{chapter.3}% 20
\BOOKMARK [0][-]{chapter.4}{Why not V=L?}{}% 21
\BOOKMARK [1][-]{section.4.1}{-completeness}{chapter.4}% 22
\BOOKMARK [1][-]{section.4.2}{Elementary embeddings}{chapter.4}% 23
\BOOKMARK [1][-]{section.4.3}{Measurable cardinals}{chapter.4}% 24
\BOOKMARK [0][-]{appendix.A}{A treatment of L}{}% 25
\BOOKMARK [1][-]{section.A.1}{The theory `39`42`"613A``45`47`"603ADS}{appendix.A}% 26
\BOOKMARK [1][-]{section.A.2}{Analysis of sat}{appendix.A}% 27
\BOOKMARK [1][-]{section.A.3}{Analysis of `39`42`"613A``45`47`"603ADef\(x\) and v=L}{appendix.A}% 28
\BOOKMARK [1][-]{section.A.4}{Analysis of <L}{appendix.A}% 29
